

Version:	3.50
CmdLine:	C:\Users\Prag\Work\BluesInventory\frontend\Extention\PrinterServer.exe --l4j-debug
JNI:		No
WOW64:		Yes
Working dir:	C:\Users\Prag\Work\BluesInventory\frontend\Extention\.
Requires JDK:	No
Requires 64-Bit: No
Java min ver:	
Java max ver:	
Substitute:	JAVA_HOME = C:\Program Files\Java\jdk-20
Substitute:	PATH = C:\Program Files\Eclipse Adoptium\jdk-21.0.1.12-hotspot\bin;C:\Program Files\Microsoft MPI\Bin\;C:\Program Files\Common Files\Oracle\Java\javapath;C:\Windows\system32;C:\Windows;C:\Windows\System32\Wbem;C:\Windows\System32\WindowsPowerShell\v1.0\;C:\Windows\System32\OpenSSH\;C:\Program Files\nodejs\;C:\Program Files\Azure Data Studio\bin;C:\Program Files\dotnet\;C:\Program Files\Microsoft SQL Server\Client SDK\ODBC\170\Tools\Binn\;C:\Program Files\EPSON\UPOSDriverForFiscal\JavaPOS;C:\Program Files (x86)\Microsoft SQL Server\160\DTS\Binn\;C:\Program Files (x86)\Microsoft SQL Server\160\Tools\Binn\;C:\Program Files\Microsoft SQL Server\160\Tools\Binn\;C:\Program Files\Microsoft SQL Server\160\DTS\Binn\;C:\Program Files\Git\cmd;C:\Program Files\EPSON\UPOSDriverForFiscal\JavaPOS;C:\Program Files\Java\apache-maven-3.9.6\bin;C:\Users\Prag\AppData\Local\Programs\Python\Python311\Scripts\;C:\Users\Prag\AppData\Local\Programs\Python\Python311\;C:\Users\Prag\AppData\Local\Microsoft\WindowsApps;C:\Program Files\JetBrains\PyCharm Community Edition 2023.2.1\bin;C:\Users\Prag\AppData\Local\Programs\Microsoft VS Code\bin;C:\Users\Prag\AppData\Roaming\npm;C:\Users\Prag\.dotnet\tools;C:\Program Files\Java\jdk-20\bin
JRE paths:	C:\Program Files\Java\jdk-20;C:\Program Files\Eclipse Adoptium\jdk-21.0.1.12-hotspot\bin;C:\Program Files\Microsoft MPI\Bin\;C:\Program Files\Common Files\Oracle\Java\javapath;C:\Windows\system32;C:\Windows;C:\Windows\System32\Wbem;C:\Windows\System32\WindowsPowerShell\v1.0\;C:\Windows\System32\OpenSSH\;C:\Program Files\nodejs\;C:\Program Files\Azure Data Studio\bin;C:\Program Files\dotnet\;C:\Program Files\Microsoft SQL Server\Client SDK\ODBC\170\Tools\Binn\;C:\Program Files\EPSON\UPOSDriverForFiscal\JavaPOS;C:\Program Files (x86)\Microsoft SQL Server\160\DTS\Binn\;C:\Program Files (x86)\Microsoft SQL Server\160\Tools\Binn\;C:\Program Files\Microsoft SQL Server\160\Tools\Binn\;C:\Program Files\Microsoft SQL Server\160\DTS\Binn\;C:\Program Files\Git\cmd;C:\Program Files\EPSON\UPOSDriverForFiscal\JavaPOS;C:\Program Files\Java\apache-maven-3.9.6\bin;C:\Users\Prag\AppData\Local\Programs\Python\Python311\Scripts\;C:\Users\Prag\AppData\Local\Programs\Python\Python311\;C:\Users\Prag\AppData\Local\Microsoft\WindowsApps;C:\Program Files\JetBrains\PyCharm Community Edition 2023.2.1\bin;C:\Users\Prag\AppData\Local\Programs\Microsoft VS Code\bin;C:\Users\Prag\AppData\Roaming\npm;C:\Users\Prag\.dotnet\tools;C:\Program Files\Java\jdk-20\bin
Check launcher:	C:\Program Files\Java\jdk-20\bin\javaw.exe (OK)
Version string: 1.020.000_001 / 64-Bit (OK)
Launcher:	C:\Program Files\Java\jdk-20\bin\javaw.exe
Launcher args:	-jar "C:\Users\Prag\Work\BluesInventory\frontend\Extention\PrinterServer.exe"
Args length:	77/32768 chars
Exit code:	0


Version:	3.50
CmdLine:	C:\Users\Prag\Work\BluesInventory\frontend\Extention\PrinterServer.exe --l4j-debug
JNI:		No
WOW64:		Yes
Working dir:	C:\Users\Prag\Work\BluesInventory\frontend\Extention\.
Requires JDK:	No
Requires 64-Bit: No
Java min ver:	
Java max ver:	
Substitute:	JAVA_HOME = C:\Program Files\Java\jdk-20
Substitute:	PATH = C:\Program Files\Eclipse Adoptium\jdk-21.0.1.12-hotspot\bin;C:\Program Files\Microsoft MPI\Bin\;C:\Program Files\Common Files\Oracle\Java\javapath;C:\Windows\system32;C:\Windows;C:\Windows\System32\Wbem;C:\Windows\System32\WindowsPowerShell\v1.0\;C:\Windows\System32\OpenSSH\;C:\Program Files\nodejs\;C:\Program Files\Azure Data Studio\bin;C:\Program Files\dotnet\;C:\Program Files\Microsoft SQL Server\Client SDK\ODBC\170\Tools\Binn\;C:\Program Files\EPSON\UPOSDriverForFiscal\JavaPOS;C:\Program Files (x86)\Microsoft SQL Server\160\DTS\Binn\;C:\Program Files (x86)\Microsoft SQL Server\160\Tools\Binn\;C:\Program Files\Microsoft SQL Server\160\Tools\Binn\;C:\Program Files\Microsoft SQL Server\160\DTS\Binn\;C:\Program Files\Git\cmd;C:\Program Files\EPSON\UPOSDriverForFiscal\JavaPOS;C:\Program Files\Java\apache-maven-3.9.6\bin;C:\Users\Prag\AppData\Local\Programs\Python\Python311\Scripts\;C:\Users\Prag\AppData\Local\Programs\Python\Python311\;C:\Users\Prag\AppData\Local\Microsoft\WindowsApps;C:\Program Files\JetBrains\PyCharm Community Edition 2023.2.1\bin;C:\Users\Prag\AppData\Local\Programs\Microsoft VS Code\bin;C:\Users\Prag\AppData\Roaming\npm;C:\Users\Prag\.dotnet\tools;C:\Program Files\Java\jdk-20\bin
JRE paths:	C:\Program Files\Java\jdk-20;C:\Program Files\Eclipse Adoptium\jdk-21.0.1.12-hotspot\bin;C:\Program Files\Microsoft MPI\Bin\;C:\Program Files\Common Files\Oracle\Java\javapath;C:\Windows\system32;C:\Windows;C:\Windows\System32\Wbem;C:\Windows\System32\WindowsPowerShell\v1.0\;C:\Windows\System32\OpenSSH\;C:\Program Files\nodejs\;C:\Program Files\Azure Data Studio\bin;C:\Program Files\dotnet\;C:\Program Files\Microsoft SQL Server\Client SDK\ODBC\170\Tools\Binn\;C:\Program Files\EPSON\UPOSDriverForFiscal\JavaPOS;C:\Program Files (x86)\Microsoft SQL Server\160\DTS\Binn\;C:\Program Files (x86)\Microsoft SQL Server\160\Tools\Binn\;C:\Program Files\Microsoft SQL Server\160\Tools\Binn\;C:\Program Files\Microsoft SQL Server\160\DTS\Binn\;C:\Program Files\Git\cmd;C:\Program Files\EPSON\UPOSDriverForFiscal\JavaPOS;C:\Program Files\Java\apache-maven-3.9.6\bin;C:\Users\Prag\AppData\Local\Programs\Python\Python311\Scripts\;C:\Users\Prag\AppData\Local\Programs\Python\Python311\;C:\Users\Prag\AppData\Local\Microsoft\WindowsApps;C:\Program Files\JetBrains\PyCharm Community Edition 2023.2.1\bin;C:\Users\Prag\AppData\Local\Programs\Microsoft VS Code\bin;C:\Users\Prag\AppData\Roaming\npm;C:\Users\Prag\.dotnet\tools;C:\Program Files\Java\jdk-20\bin
Check launcher:	C:\Program Files\Java\jdk-20\bin\javaw.exe (OK)
Version string: 1.020.000_001 / 64-Bit (OK)
Launcher:	C:\Program Files\Java\jdk-20\bin\javaw.exe
Launcher args:	-jar "C:\Users\Prag\Work\BluesInventory\frontend\Extention\PrinterServer.exe"
Args length:	77/32768 chars
Exit code:	0


Version:	3.50
CmdLine:	C:\Users\Prag\Work\BluesInventory\frontend\Extention\PrinterServer.exe --l4j-debug
JNI:		No
WOW64:		Yes
Working dir:	C:\Users\Prag\Work\BluesInventory\frontend\Extention\.
Requires JDK:	Yes
Requires 64-Bit: Yes
Java min ver:	1.004.000
Java max ver:	1.008.000
JRE paths:	C:\Program Files\Java\jdk-11\bin
Check launcher:	C:\Program Files\Java\jdk-11\bin\javaw.exe (OK)
Check javac:	C:\Program Files\Java\jdk-11\bin\javac.exe (OK)
Version string: 1.011.000_021 / 64-Bit (Ignore)
64-bit search:	SOFTWARE\JavaSoft\Java Development Kit...
64-bit search:	SOFTWARE\JavaSoft\JDK...
Check:		SOFTWARE\JavaSoft\JDK\11.0.21
Version string: 1.011.000_021 / 64-Bit (Ignore)
Ignore:		1.011.000_021
Check:		SOFTWARE\JavaSoft\JDK\20.0.1
Version string: 1.020.000_001 / 64-Bit (Ignore)
Ignore:		1.020.000_001
64-bit search:	SOFTWARE\IBM\Java Development Kit...
64-bit search:	SOFTWARE\IBM\Java Development Kit...
Error msg:	This application requires a Java Runtime Environment 1.4.0 - 1.8 (64-bit)


Version:	3.50
CmdLine:	C:\Users\Prag\Work\BluesInventory\frontend\Extention\PrinterServer.exe --l4j-debug
JNI:		No
WOW64:		Yes
Working dir:	C:\Users\Prag\Work\BluesInventory\frontend\Extention\.
Requires JDK:	Yes
Requires 64-Bit: Yes
Java min ver:	1.004.000
Java max ver:	1.008.002
JRE paths:	C:\Program Files\Java\jdk-11\bin
Check launcher:	C:\Program Files\Java\jdk-11\bin\javaw.exe (OK)
Check javac:	C:\Program Files\Java\jdk-11\bin\javac.exe (OK)
Version string: 1.011.000_021 / 64-Bit (Ignore)
64-bit search:	SOFTWARE\JavaSoft\Java Development Kit...
64-bit search:	SOFTWARE\JavaSoft\JDK...
Check:		SOFTWARE\JavaSoft\JDK\11.0.21
Version string: 1.011.000_021 / 64-Bit (Ignore)
Ignore:		1.011.000_021
Check:		SOFTWARE\JavaSoft\JDK\20.0.1
Version string: 1.020.000_001 / 64-Bit (Ignore)
Ignore:		1.020.000_001
64-bit search:	SOFTWARE\IBM\Java Development Kit...
64-bit search:	SOFTWARE\IBM\Java Development Kit...
Error msg:	This application requires a Java Runtime Environment 1.4.0 - 1.8.2 (64-bit)


Version:	3.50
CmdLine:	C:\Users\Prag\Work\BluesInventory\frontend\Extention\PrinterServer.exe --l4j-debug
JNI:		No
WOW64:		Yes
Working dir:	C:\Users\Prag\Work\BluesInventory\frontend\Extention\.
Requires JDK:	Yes
Requires 64-Bit: Yes
Java min ver:	1.004.000
Java max ver:	
JRE paths:	C:\Program Files\Java\jdk-11\bin
Check launcher:	C:\Program Files\Java\jdk-11\bin\javaw.exe (OK)
Check javac:	C:\Program Files\Java\jdk-11\bin\javac.exe (OK)
Version string: 1.011.000_021 / 64-Bit (OK)
Launcher:	C:\Program Files\Java\jdk-11\bin\javaw.exe
Launcher args:	-jar "C:\Users\Prag\Work\BluesInventory\frontend\Extention\PrinterServer.exe"
Args length:	77/32768 chars
Exit code:	0


Version:	3.50
CmdLine:	C:\Users\Prag\Work\BluesInventory\frontend\Extention\PrinterServer.exe --l4j-debug
JNI:		No
WOW64:		Yes
Working dir:	C:\Users\Prag\Work\BluesInventory\frontend\Extention\.
Requires JDK:	Yes
Requires 64-Bit: Yes
Java min ver:	1.004.000
Java max ver:	
JRE paths:	C:\Program Files\Java\jdk-11\bin
Check launcher:	C:\Program Files\Java\jdk-11\bin\javaw.exe (OK)
Check javac:	C:\Program Files\Java\jdk-11\bin\javac.exe (OK)
Version string: 1.011.000_021 / 64-Bit (OK)
Launcher:	C:\Program Files\Java\jdk-11\bin\javaw.exe
Launcher args:	-jar "C:\Users\Prag\Work\BluesInventory\frontend\Extention\PrinterServer.exe"
Args length:	77/32768 chars
Exit code:	0


Version:	3.50
CmdLine:	C:\Users\Prag\Work\BluesInventory\frontend\Extention\PrinterServer.exe --l4j-debug
JNI:		No
WOW64:		Yes
Working dir:	C:\Users\Prag\Work\BluesInventory\frontend\Extention\.
Requires JDK:	Yes
Requires 64-Bit: Yes
Java min ver:	1.004.000
Java max ver:	
JRE paths:	C:\Program Files\Java\jdk-11\bin
Check launcher:	C:\Program Files\Java\jdk-11\bin\javaw.exe (OK)
Check javac:	C:\Program Files\Java\jdk-11\bin\javac.exe (OK)
Version string: 1.011.000_021 / 64-Bit (OK)
Launcher:	C:\Program Files\Java\jdk-11\bin\javaw.exe
Launcher args:	-jar "C:\Users\Prag\Work\BluesInventory\frontend\Extention\PrinterServer.exe"
Args length:	77/32768 chars
Exit code:	0


Version:	3.50
CmdLine:	C:\Users\Prag\Work\BluesInventory\frontend\Extention\PrinterServer.exe --l4j-debug
JNI:		No
WOW64:		Yes
Working dir:	C:\Users\Prag\Work\BluesInventory\frontend\Extention\.
Requires JDK:	No
Requires 64-Bit: Yes
Java min ver:	1.004.000
Java max ver:	
JRE paths:	C:\Program Files\Java\jdk-11\bin
Check launcher:	C:\Program Files\Java\jdk-11\bin\javaw.exe (OK)
Version string: 1.011.000_021 / 64-Bit (OK)
Launcher:	C:\Program Files\Java\jdk-11\bin\javaw.exe
Launcher args:	-jar "C:\Users\Prag\Work\BluesInventory\frontend\Extention\PrinterServer.exe"
Args length:	77/32768 chars
Exit code:	0


Version:	3.50
CmdLine:	C:\Users\Prag\Work\BluesInventory\frontend\Extention\PrinterServer.exe --l4j-debug
JNI:		No
WOW64:		Yes
Working dir:	C:\Users\Prag\Work\BluesInventory\frontend\Extention\.
Requires JDK:	No
Requires 64-Bit: No
Java min ver:	1.004.000
Java max ver:	
Substitute:	JAVA_HOME = C:\Program Files\Java\jdk-20
Substitute:	PATH = C:\Program Files\Eclipse Adoptium\jdk-21.0.1.12-hotspot\bin;C:\Program Files\Microsoft MPI\Bin\;C:\Program Files\Common Files\Oracle\Java\javapath;C:\Program Files (x86)\Common Files\Oracle\Java\javapath;C:\Windows\system32;C:\Windows;C:\Windows\System32\Wbem;C:\Windows\System32\WindowsPowerShell\v1.0\;C:\Windows\System32\OpenSSH\;C:\Program Files\nodejs\;C:\Program Files\Azure Data Studio\bin;C:\Program Files\dotnet\;C:\Program Files\Microsoft SQL Server\Client SDK\ODBC\170\Tools\Binn\;C:\Program Files\EPSON\UPOSDriverForFiscal\JavaPOS;C:\Program Files (x86)\Microsoft SQL Server\160\DTS\Binn\;C:\Program Files (x86)\Microsoft SQL Server\160\Tools\Binn\;C:\Program Files\Microsoft SQL Server\160\Tools\Binn\;C:\Program Files\Microsoft SQL Server\160\DTS\Binn\;C:\Program Files\Git\cmd;C:\Program Files\EPSON\UPOSDriverForFiscal\JavaPOS;C:\Program Files\Java\apache-maven-3.9.6\bin;C:\Users\Prag\AppData\Local\Programs\Python\Python311\Scripts\;C:\Users\Prag\AppData\Local\Programs\Python\Python311\;C:\Users\Prag\AppData\Local\Microsoft\WindowsApps;C:\Program Files\JetBrains\PyCharm Community Edition 2023.2.1\bin;;C:\Users\Prag\AppData\Local\Programs\Microsoft VS Code\bin;C:\Users\Prag\AppData\Roaming\npm;C:\Program Files\Azure Data Studio\bin;C:\Users\Prag\.dotnet\tools;C:\Program Files\Java\apache-maven-3.9.6\bin;;C:\Program Files\Java\jdk-20\bin
JRE paths:	C:\Program Files\Java\jdk-20;C:\Program Files\Eclipse Adoptium\jdk-21.0.1.12-hotspot\bin;C:\Program Files\Microsoft MPI\Bin\;C:\Program Files\Common Files\Oracle\Java\javapath;C:\Program Files (x86)\Common Files\Oracle\Java\javapath;C:\Windows\system32;C:\Windows;C:\Windows\System32\Wbem;C:\Windows\System32\WindowsPowerShell\v1.0\;C:\Windows\System32\OpenSSH\;C:\Program Files\nodejs\;C:\Program Files\Azure Data Studio\bin;C:\Program Files\dotnet\;C:\Program Files\Microsoft SQL Server\Client SDK\ODBC\170\Tools\Binn\;C:\Program Files\EPSON\UPOSDriverForFiscal\JavaPOS;C:\Program Files (x86)\Microsoft SQL Server\160\DTS\Binn\;C:\Program Files (x86)\Microsoft SQL Server\160\Tools\Binn\;C:\Program Files\Microsoft SQL Server\160\Tools\Binn\;C:\Program Files\Microsoft SQL Server\160\DTS\Binn\;C:\Program Files\Git\cmd;C:\Program Files\EPSON\UPOSDriverForFiscal\JavaPOS;C:\Program Files\Java\apache-maven-3.9.6\bin;C:\Users\Prag\AppData\Local\Programs\Python\Python311\Scripts\;C:\Users\Prag\AppData\Local\Programs\Python\Python311\;C:\Users\Prag\AppData\Local\Microsoft\WindowsApps;C:\Program Files\JetBrains\PyCharm Community Edition 2023.2.1\bin;;C:\Users\Prag\AppData\Local\Programs\Microsoft VS Code\bin;C:\Users\Prag\AppData\Roaming\npm;C:\Program Files\Azure Data Studio\bin;C:\Users\Prag\.dotnet\tools;C:\Program Files\Java\apache-maven-3.9.6\bin;;C:\Program Files\Java\jdk-20\bin
Check launcher:	C:\Program Files\Java\jdk-20\bin\javaw.exe (OK)
Version string: 1.020.000_001 / 64-Bit (OK)
Launcher:	C:\Program Files\Java\jdk-20\bin\javaw.exe
Launcher args:	-jar "C:\Users\Prag\Work\BluesInventory\frontend\Extention\PrinterServer.exe"
Args length:	77/32768 chars
Exit code:	0


Version:	3.50
CmdLine:	C:\Users\Prag\Work\BluesInventory\frontend\Extention\PrinterServer.exe --l4j-debug
JNI:		No
WOW64:		Yes
Working dir:	C:\Users\Prag\Work\BluesInventory\frontend\Extention\.
Requires JDK:	Yes
Requires 64-Bit: No
Java min ver:	1.004.000
Java max ver:	
Substitute:	JAVA_HOME = C:\Program Files\Java\jdk-20
Substitute:	PATH = C:\Program Files\Eclipse Adoptium\jdk-21.0.1.12-hotspot\bin;C:\Program Files\Microsoft MPI\Bin\;C:\Program Files\Common Files\Oracle\Java\javapath;C:\Program Files (x86)\Common Files\Oracle\Java\javapath;C:\Windows\system32;C:\Windows;C:\Windows\System32\Wbem;C:\Windows\System32\WindowsPowerShell\v1.0\;C:\Windows\System32\OpenSSH\;C:\Program Files\nodejs\;C:\Program Files\Azure Data Studio\bin;C:\Program Files\dotnet\;C:\Program Files\Microsoft SQL Server\Client SDK\ODBC\170\Tools\Binn\;C:\Program Files\EPSON\UPOSDriverForFiscal\JavaPOS;C:\Program Files (x86)\Microsoft SQL Server\160\DTS\Binn\;C:\Program Files (x86)\Microsoft SQL Server\160\Tools\Binn\;C:\Program Files\Microsoft SQL Server\160\Tools\Binn\;C:\Program Files\Microsoft SQL Server\160\DTS\Binn\;C:\Program Files\Git\cmd;C:\Program Files\EPSON\UPOSDriverForFiscal\JavaPOS;C:\Program Files\Java\apache-maven-3.9.6\bin;C:\Users\Prag\AppData\Local\Programs\Python\Python311\Scripts\;C:\Users\Prag\AppData\Local\Programs\Python\Python311\;C:\Users\Prag\AppData\Local\Microsoft\WindowsApps;C:\Program Files\JetBrains\PyCharm Community Edition 2023.2.1\bin;;C:\Users\Prag\AppData\Local\Programs\Microsoft VS Code\bin;C:\Users\Prag\AppData\Roaming\npm;C:\Program Files\Azure Data Studio\bin;C:\Users\Prag\.dotnet\tools;C:\Program Files\Java\apache-maven-3.9.6\bin;;C:\Program Files\Java\jdk-20\bin
JRE paths:	C:\Program Files\Java\jdk-20;C:\Program Files\Eclipse Adoptium\jdk-21.0.1.12-hotspot\bin;C:\Program Files\Microsoft MPI\Bin\;C:\Program Files\Common Files\Oracle\Java\javapath;C:\Program Files (x86)\Common Files\Oracle\Java\javapath;C:\Windows\system32;C:\Windows;C:\Windows\System32\Wbem;C:\Windows\System32\WindowsPowerShell\v1.0\;C:\Windows\System32\OpenSSH\;C:\Program Files\nodejs\;C:\Program Files\Azure Data Studio\bin;C:\Program Files\dotnet\;C:\Program Files\Microsoft SQL Server\Client SDK\ODBC\170\Tools\Binn\;C:\Program Files\EPSON\UPOSDriverForFiscal\JavaPOS;C:\Program Files (x86)\Microsoft SQL Server\160\DTS\Binn\;C:\Program Files (x86)\Microsoft SQL Server\160\Tools\Binn\;C:\Program Files\Microsoft SQL Server\160\Tools\Binn\;C:\Program Files\Microsoft SQL Server\160\DTS\Binn\;C:\Program Files\Git\cmd;C:\Program Files\EPSON\UPOSDriverForFiscal\JavaPOS;C:\Program Files\Java\apache-maven-3.9.6\bin;C:\Users\Prag\AppData\Local\Programs\Python\Python311\Scripts\;C:\Users\Prag\AppData\Local\Programs\Python\Python311\;C:\Users\Prag\AppData\Local\Microsoft\WindowsApps;C:\Program Files\JetBrains\PyCharm Community Edition 2023.2.1\bin;;C:\Users\Prag\AppData\Local\Programs\Microsoft VS Code\bin;C:\Users\Prag\AppData\Roaming\npm;C:\Program Files\Azure Data Studio\bin;C:\Users\Prag\.dotnet\tools;C:\Program Files\Java\apache-maven-3.9.6\bin;;C:\Program Files\Java\jdk-20\bin
Check launcher:	C:\Program Files\Java\jdk-20\bin\javaw.exe (OK)
Check javac:	C:\Program Files\Java\jdk-20\bin\javac.exe (OK)
Version string: 1.020.000_001 / 64-Bit (OK)
Launcher:	C:\Program Files\Java\jdk-20\bin\javaw.exe
Launcher args:	-jar "C:\Users\Prag\Work\BluesInventory\frontend\Extention\PrinterServer.exe"
Args length:	77/32768 chars
Exit code:	0


Version:	3.50
CmdLine:	C:\Users\Prag\Work\BluesInventory\frontend\Extention\PrinterServer.exe --l4j-debug
JNI:		No
WOW64:		Yes
Working dir:	C:\Users\Prag\Work\BluesInventory\frontend\Extention\.
Requires JDK:	Yes
Requires 64-Bit: Yes
Java min ver:	1.004.000
Java max ver:	
Substitute:	JAVA_HOME = C:\Program Files\Java\jdk-20
Substitute:	PATH = C:\Program Files\Eclipse Adoptium\jdk-21.0.1.12-hotspot\bin;C:\Program Files\Microsoft MPI\Bin\;C:\Program Files\Common Files\Oracle\Java\javapath;C:\Program Files (x86)\Common Files\Oracle\Java\javapath;C:\Windows\system32;C:\Windows;C:\Windows\System32\Wbem;C:\Windows\System32\WindowsPowerShell\v1.0\;C:\Windows\System32\OpenSSH\;C:\Program Files\nodejs\;C:\Program Files\Azure Data Studio\bin;C:\Program Files\dotnet\;C:\Program Files\Microsoft SQL Server\Client SDK\ODBC\170\Tools\Binn\;C:\Program Files\EPSON\UPOSDriverForFiscal\JavaPOS;C:\Program Files (x86)\Microsoft SQL Server\160\DTS\Binn\;C:\Program Files (x86)\Microsoft SQL Server\160\Tools\Binn\;C:\Program Files\Microsoft SQL Server\160\Tools\Binn\;C:\Program Files\Microsoft SQL Server\160\DTS\Binn\;C:\Program Files\Git\cmd;C:\Program Files\EPSON\UPOSDriverForFiscal\JavaPOS;C:\Program Files\Java\apache-maven-3.9.6\bin;C:\Users\Prag\AppData\Local\Programs\Python\Python311\Scripts\;C:\Users\Prag\AppData\Local\Programs\Python\Python311\;C:\Users\Prag\AppData\Local\Microsoft\WindowsApps;C:\Program Files\JetBrains\PyCharm Community Edition 2023.2.1\bin;;C:\Users\Prag\AppData\Local\Programs\Microsoft VS Code\bin;C:\Users\Prag\AppData\Roaming\npm;C:\Program Files\Azure Data Studio\bin;C:\Users\Prag\.dotnet\tools;C:\Program Files\Java\apache-maven-3.9.6\bin;;C:\Program Files\Java\jdk-20\bin
JRE paths:	C:\Program Files\Java\jdk-20;C:\Program Files\Eclipse Adoptium\jdk-21.0.1.12-hotspot\bin;C:\Program Files\Microsoft MPI\Bin\;C:\Program Files\Common Files\Oracle\Java\javapath;C:\Program Files (x86)\Common Files\Oracle\Java\javapath;C:\Windows\system32;C:\Windows;C:\Windows\System32\Wbem;C:\Windows\System32\WindowsPowerShell\v1.0\;C:\Windows\System32\OpenSSH\;C:\Program Files\nodejs\;C:\Program Files\Azure Data Studio\bin;C:\Program Files\dotnet\;C:\Program Files\Microsoft SQL Server\Client SDK\ODBC\170\Tools\Binn\;C:\Program Files\EPSON\UPOSDriverForFiscal\JavaPOS;C:\Program Files (x86)\Microsoft SQL Server\160\DTS\Binn\;C:\Program Files (x86)\Microsoft SQL Server\160\Tools\Binn\;C:\Program Files\Microsoft SQL Server\160\Tools\Binn\;C:\Program Files\Microsoft SQL Server\160\DTS\Binn\;C:\Program Files\Git\cmd;C:\Program Files\EPSON\UPOSDriverForFiscal\JavaPOS;C:\Program Files\Java\apache-maven-3.9.6\bin;C:\Users\Prag\AppData\Local\Programs\Python\Python311\Scripts\;C:\Users\Prag\AppData\Local\Programs\Python\Python311\;C:\Users\Prag\AppData\Local\Microsoft\WindowsApps;C:\Program Files\JetBrains\PyCharm Community Edition 2023.2.1\bin;;C:\Users\Prag\AppData\Local\Programs\Microsoft VS Code\bin;C:\Users\Prag\AppData\Roaming\npm;C:\Program Files\Azure Data Studio\bin;C:\Users\Prag\.dotnet\tools;C:\Program Files\Java\apache-maven-3.9.6\bin;;C:\Program Files\Java\jdk-20\bin
Check launcher:	C:\Program Files\Java\jdk-20\bin\javaw.exe (OK)
Check javac:	C:\Program Files\Java\jdk-20\bin\javac.exe (OK)
Version string: 1.020.000_001 / 64-Bit (OK)
Launcher:	C:\Program Files\Java\jdk-20\bin\javaw.exe
Launcher args:	-jar "C:\Users\Prag\Work\BluesInventory\frontend\Extention\PrinterServer.exe"
Args length:	77/32768 chars
Exit code:	0


Version:	3.50
CmdLine:	C:\Users\Prag\Work\BluesInventory\frontend\Extention\PrinterServer.exe --l4j-debug
JNI:		No
WOW64:		Yes
Working dir:	C:\Users\Prag\Work\BluesInventory\frontend\Extention\.
Requires JDK:	No
Requires 64-Bit: Yes
Java min ver:	1.001.000
Java max ver:	
JRE paths:	C:\Program Files\Java\jre-1.8\bin
Check launcher:	C:\Program Files\Java\jre-1.8\bin\javaw.exe (OK)
Version string: 1.008.000_401 / 64-Bit (OK)
Launcher:	C:\Program Files\Java\jre-1.8\bin\javaw.exe
Launcher args:	-jar "C:\Users\Prag\Work\BluesInventory\frontend\Extention\PrinterServer.exe"
Args length:	77/32768 chars
Exit code:	0


Version:	3.50
CmdLine:	C:\Users\Prag\Work\BluesInventory\frontend\Extention\PrinterServer.exe --l4j-debug
JNI:		No
WOW64:		Yes
Working dir:	C:\Users\Prag\Work\BluesInventory\frontend\Extention\.
Requires JDK:	No
Requires 64-Bit: Yes
Java min ver:	1.052.000
Java max ver:	
JRE paths:	C:\Program Files\Java\jre-1.8\bin
Check launcher:	C:\Program Files\Java\jre-1.8\bin\javaw.exe (OK)
Version string: 1.008.000_401 / 64-Bit (Ignore)
64-bit search:	SOFTWARE\JavaSoft\Java Runtime Environment...
Check:		SOFTWARE\JavaSoft\Java Runtime Environment\1.8
Version string: 1.008.000 / 64-Bit (Ignore)
Ignore:		1.008.000
Check:		SOFTWARE\JavaSoft\Java Runtime Environment\1.8.0_401
Version string: 1.008.000_401 / 64-Bit (Ignore)
Ignore:		1.008.000_401
64-bit search:	SOFTWARE\JavaSoft\Java Development Kit...
64-bit search:	SOFTWARE\JavaSoft\JRE...
64-bit search:	SOFTWARE\JavaSoft\JDK...
Check:		SOFTWARE\JavaSoft\JDK\11.0.21
Version string: 1.011.000_021 / 64-Bit (Ignore)
Ignore:		1.011.000_021
Check:		SOFTWARE\JavaSoft\JDK\20.0.1
Version string: 1.020.000_001 / 64-Bit (Ignore)
Ignore:		1.020.000_001
64-bit search:	SOFTWARE\IBM\Java Runtime Environment...
64-bit search:	SOFTWARE\IBM\Java Development Kit...
64-bit search:	SOFTWARE\IBM\Java2 Runtime Environment...
64-bit search:	SOFTWARE\IBM\Java Development Kit...
Error msg:	This application requires a Java Runtime Environment 52.0 (64-bit)


Version:	3.50
CmdLine:	C:\Users\Prag\Work\BluesInventory\frontend\Extention\PrinterServer.exe --l4j-debug
JNI:		No
WOW64:		Yes
Working dir:	C:\Users\Prag\Work\BluesInventory\frontend\Extention\.
Requires JDK:	No
Requires 64-Bit: Yes
Java min ver:	1.052.000
Java max ver:	
JRE paths:	C:\Program Files\Java\jre-1.8\bin
Check launcher:	C:\Program Files\Java\jre-1.8\bin\javaw.exe (OK)
Version string: 1.008.000_401 / 64-Bit (Ignore)
64-bit search:	SOFTWARE\JavaSoft\Java Runtime Environment...
Check:		SOFTWARE\JavaSoft\Java Runtime Environment\1.8
Version string: 1.008.000 / 64-Bit (Ignore)
Ignore:		1.008.000
Check:		SOFTWARE\JavaSoft\Java Runtime Environment\1.8.0_401
Version string: 1.008.000_401 / 64-Bit (Ignore)
Ignore:		1.008.000_401
64-bit search:	SOFTWARE\JavaSoft\Java Development Kit...
64-bit search:	SOFTWARE\JavaSoft\JRE...
64-bit search:	SOFTWARE\JavaSoft\JDK...
Check:		SOFTWARE\JavaSoft\JDK\11.0.21
Version string: 1.011.000_021 / 64-Bit (Ignore)
Ignore:		1.011.000_021
Check:		SOFTWARE\JavaSoft\JDK\20.0.1
Version string: 1.020.000_001 / 64-Bit (Ignore)
Ignore:		1.020.000_001
64-bit search:	SOFTWARE\IBM\Java Runtime Environment...
64-bit search:	SOFTWARE\IBM\Java Development Kit...
64-bit search:	SOFTWARE\IBM\Java2 Runtime Environment...
64-bit search:	SOFTWARE\IBM\Java Development Kit...
Error msg:	This application requires a Java Runtime Environment 52.0 (64-bit)


Version:	3.50
CmdLine:	C:\Users\Prag\Work\BluesInventory\frontend\Extention\PrinterServer.exe --l4j-debug
JNI:		No
WOW64:		Yes
Working dir:	C:\Users\Prag\Work\BluesInventory\frontend\Extention\.
Requires JDK:	Yes
Requires 64-Bit: Yes
Java min ver:	
Java max ver:	
JRE paths:	C:\Program Files\Java\jre-1.8\bin
Check launcher:	C:\Program Files\Java\jre-1.8\bin\javaw.exe (OK)
Check javac:	C:\Program Files\Java\jre-1.8\bin\javac.exe (not found)
Error msg:	This application requires a Java Runtime Environment.


Version:	3.50
CmdLine:	C:\Users\Prag\Work\BluesInventory\frontend\Extention\PrinterServer.exe --l4j-debug
JNI:		No
WOW64:		Yes
Working dir:	C:\Users\Prag\Work\BluesInventory\frontend\Extention\.
Requires JDK:	No
Requires 64-Bit: No
Java min ver:	
Java max ver:	
JRE paths:	C:\Program Files\Java\jre-1.8\bin
Check launcher:	C:\Program Files\Java\jre-1.8\bin\javaw.exe (OK)
Version string: 1.008.000_401 / 64-Bit (OK)
Launcher:	C:\Program Files\Java\jre-1.8\bin\javaw.exe
Launcher args:	-jar "C:\Users\Prag\Work\BluesInventory\frontend\Extention\PrinterServer.exe"
Args length:	77/32768 chars
Exit code:	0


Version:	3.50
CmdLine:	C:\Users\Prag\Work\BluesInventory\frontend\Extention\PrinterServer.exe --l4j-debug
JNI:		No
WOW64:		Yes
Working dir:	C:\Users\Prag\Work\BluesInventory\frontend\Extention\.
Requires JDK:	No
Requires 64-Bit: No
Java min ver:	
Java max ver:	
JRE paths:	C:\Program Files\Java\jre-1.8\bin
Check launcher:	C:\Program Files\Java\jre-1.8\bin\javaw.exe (OK)
Version string: 1.008.000_401 / 64-Bit (OK)
Launcher:	C:\Program Files\Java\jre-1.8\bin\javaw.exe
Launcher args:	-jar "C:\Users\Prag\Work\BluesInventory\frontend\Extention\PrinterServer.exe"
Args length:	77/32768 chars
Exit code:	0


Version:	3.50
CmdLine:	C:\Users\Prag\Work\BluesInventory\frontend\Extention\PrinterServer.exe --l4j-debug
JNI:		No
WOW64:		Yes
Working dir:	C:\Users\Prag\Work\BluesInventory\frontend\Extention\.
Requires JDK:	No
Requires 64-Bit: No
Java min ver:	
Java max ver:	
Substitute:	JAVA_HOME = C:\Program Files\Java\jdk-20
Substitute:	PATH = C:\Program Files\Eclipse Adoptium\jdk-21.0.1.12-hotspot\bin;C:\Program Files\Microsoft MPI\Bin\;C:\Program Files\Common Files\Oracle\Java\javapath;C:\Program Files (x86)\Common Files\Oracle\Java\javapath;C:\Windows\system32;C:\Windows;C:\Windows\System32\Wbem;C:\Windows\System32\WindowsPowerShell\v1.0\;C:\Windows\System32\OpenSSH\;C:\Program Files\nodejs\;C:\Program Files\Azure Data Studio\bin;C:\Program Files\dotnet\;C:\Program Files\Microsoft SQL Server\Client SDK\ODBC\170\Tools\Binn\;C:\Program Files\EPSON\UPOSDriverForFiscal\JavaPOS;C:\Program Files (x86)\Microsoft SQL Server\160\DTS\Binn\;C:\Program Files (x86)\Microsoft SQL Server\160\Tools\Binn\;C:\Program Files\Microsoft SQL Server\160\Tools\Binn\;C:\Program Files\Microsoft SQL Server\160\DTS\Binn\;C:\Program Files\Git\cmd;C:\Program Files\EPSON\UPOSDriverForFiscal\JavaPOS;C:\Program Files\Java\apache-maven-3.9.6\bin;C:\Users\Prag\AppData\Local\Programs\Python\Python311\Scripts\;C:\Users\Prag\AppData\Local\Programs\Python\Python311\;C:\Users\Prag\AppData\Local\Microsoft\WindowsApps;C:\Program Files\JetBrains\PyCharm Community Edition 2023.2.1\bin;;C:\Users\Prag\AppData\Local\Programs\Microsoft VS Code\bin;C:\Users\Prag\AppData\Roaming\npm;C:\Program Files\Azure Data Studio\bin;C:\Users\Prag\.dotnet\tools;C:\Program Files\Java\apache-maven-3.9.6\bin;;C:\Program Files\Java\jdk-20\bin
JRE paths:	C:\Program Files\Java\jdk-20;C:\Program Files\Eclipse Adoptium\jdk-21.0.1.12-hotspot\bin;C:\Program Files\Microsoft MPI\Bin\;C:\Program Files\Common Files\Oracle\Java\javapath;C:\Program Files (x86)\Common Files\Oracle\Java\javapath;C:\Windows\system32;C:\Windows;C:\Windows\System32\Wbem;C:\Windows\System32\WindowsPowerShell\v1.0\;C:\Windows\System32\OpenSSH\;C:\Program Files\nodejs\;C:\Program Files\Azure Data Studio\bin;C:\Program Files\dotnet\;C:\Program Files\Microsoft SQL Server\Client SDK\ODBC\170\Tools\Binn\;C:\Program Files\EPSON\UPOSDriverForFiscal\JavaPOS;C:\Program Files (x86)\Microsoft SQL Server\160\DTS\Binn\;C:\Program Files (x86)\Microsoft SQL Server\160\Tools\Binn\;C:\Program Files\Microsoft SQL Server\160\Tools\Binn\;C:\Program Files\Microsoft SQL Server\160\DTS\Binn\;C:\Program Files\Git\cmd;C:\Program Files\EPSON\UPOSDriverForFiscal\JavaPOS;C:\Program Files\Java\apache-maven-3.9.6\bin;C:\Users\Prag\AppData\Local\Programs\Python\Python311\Scripts\;C:\Users\Prag\AppData\Local\Programs\Python\Python311\;C:\Users\Prag\AppData\Local\Microsoft\WindowsApps;C:\Program Files\JetBrains\PyCharm Community Edition 2023.2.1\bin;;C:\Users\Prag\AppData\Local\Programs\Microsoft VS Code\bin;C:\Users\Prag\AppData\Roaming\npm;C:\Program Files\Azure Data Studio\bin;C:\Users\Prag\.dotnet\tools;C:\Program Files\Java\apache-maven-3.9.6\bin;;C:\Program Files\Java\jdk-20\bin
Check launcher:	C:\Program Files\Java\jdk-20\bin\javaw.exe (OK)
Version string: 1.020.000_001 / 64-Bit (OK)
Launcher:	C:\Program Files\Java\jdk-20\bin\javaw.exe
Launcher args:	-jar "C:\Users\Prag\Work\BluesInventory\frontend\Extention\PrinterServer.exe"
Args length:	77/32768 chars
Exit code:	0


Version:	3.50
CmdLine:	C:\Users\Prag\Work\BluesInventory\frontend\Extention\PrinterServer.exe --l4j-debug
JNI:		No
WOW64:		Yes
Working dir:	C:\Users\Prag\Work\BluesInventory\frontend\Extention\.
Requires JDK:	No
Requires 64-Bit: No
Java min ver:	
Java max ver:	
Substitute:	JAVA_HOME = C:\Program Files\Java\jdk-20
Substitute:	PATH = C:\Program Files\Eclipse Adoptium\jdk-21.0.1.12-hotspot\bin;C:\Program Files\Microsoft MPI\Bin\;C:\Program Files\Common Files\Oracle\Java\javapath;C:\Program Files (x86)\Common Files\Oracle\Java\javapath;C:\Windows\system32;C:\Windows;C:\Windows\System32\Wbem;C:\Windows\System32\WindowsPowerShell\v1.0\;C:\Windows\System32\OpenSSH\;C:\Program Files\nodejs\;C:\Program Files\Azure Data Studio\bin;C:\Program Files\dotnet\;C:\Program Files\Microsoft SQL Server\Client SDK\ODBC\170\Tools\Binn\;C:\Program Files\EPSON\UPOSDriverForFiscal\JavaPOS;C:\Program Files (x86)\Microsoft SQL Server\160\DTS\Binn\;C:\Program Files (x86)\Microsoft SQL Server\160\Tools\Binn\;C:\Program Files\Microsoft SQL Server\160\Tools\Binn\;C:\Program Files\Microsoft SQL Server\160\DTS\Binn\;C:\Program Files\Git\cmd;C:\Program Files\EPSON\UPOSDriverForFiscal\JavaPOS;C:\Program Files\Java\apache-maven-3.9.6\bin;C:\Users\Prag\AppData\Local\Programs\Python\Python311\Scripts\;C:\Users\Prag\AppData\Local\Programs\Python\Python311\;C:\Users\Prag\AppData\Local\Microsoft\WindowsApps;C:\Program Files\JetBrains\PyCharm Community Edition 2023.2.1\bin;;C:\Users\Prag\AppData\Local\Programs\Microsoft VS Code\bin;C:\Users\Prag\AppData\Roaming\npm;C:\Program Files\Azure Data Studio\bin;C:\Users\Prag\.dotnet\tools;C:\Program Files\Java\apache-maven-3.9.6\bin;;C:\Program Files\Java\jdk-20\bin
JRE paths:	C:\Program Files\Java\jdk-20;C:\Program Files\Eclipse Adoptium\jdk-21.0.1.12-hotspot\bin;C:\Program Files\Microsoft MPI\Bin\;C:\Program Files\Common Files\Oracle\Java\javapath;C:\Program Files (x86)\Common Files\Oracle\Java\javapath;C:\Windows\system32;C:\Windows;C:\Windows\System32\Wbem;C:\Windows\System32\WindowsPowerShell\v1.0\;C:\Windows\System32\OpenSSH\;C:\Program Files\nodejs\;C:\Program Files\Azure Data Studio\bin;C:\Program Files\dotnet\;C:\Program Files\Microsoft SQL Server\Client SDK\ODBC\170\Tools\Binn\;C:\Program Files\EPSON\UPOSDriverForFiscal\JavaPOS;C:\Program Files (x86)\Microsoft SQL Server\160\DTS\Binn\;C:\Program Files (x86)\Microsoft SQL Server\160\Tools\Binn\;C:\Program Files\Microsoft SQL Server\160\Tools\Binn\;C:\Program Files\Microsoft SQL Server\160\DTS\Binn\;C:\Program Files\Git\cmd;C:\Program Files\EPSON\UPOSDriverForFiscal\JavaPOS;C:\Program Files\Java\apache-maven-3.9.6\bin;C:\Users\Prag\AppData\Local\Programs\Python\Python311\Scripts\;C:\Users\Prag\AppData\Local\Programs\Python\Python311\;C:\Users\Prag\AppData\Local\Microsoft\WindowsApps;C:\Program Files\JetBrains\PyCharm Community Edition 2023.2.1\bin;;C:\Users\Prag\AppData\Local\Programs\Microsoft VS Code\bin;C:\Users\Prag\AppData\Roaming\npm;C:\Program Files\Azure Data Studio\bin;C:\Users\Prag\.dotnet\tools;C:\Program Files\Java\apache-maven-3.9.6\bin;;C:\Program Files\Java\jdk-20\bin
Check launcher:	C:\Program Files\Java\jdk-20\bin\javaw.exe (OK)
Version string: 1.020.000_001 / 64-Bit (OK)
Launcher:	C:\Program Files\Java\jdk-20\bin\javaw.exe
Launcher args:	-jar "C:\Users\Prag\Work\BluesInventory\frontend\Extention\PrinterServer.exe"
Args length:	77/32768 chars
Exit code:	0


Version:	3.50
CmdLine:	C:\Users\Prag\Work\BluesInventory\frontend\Extention\PrinterServer.exe --l4j-debug
JNI:		No
WOW64:		Yes
Working dir:	C:\Users\Prag\Work\BluesInventory\frontend\Extention\.
Requires JDK:	No
Requires 64-Bit: Yes
Java min ver:	1.008.000
Java max ver:	
Substitute:	JAVA_HOME = C:\Program Files\Java\jdk-20
Substitute:	PATH = C:\Program Files\Eclipse Adoptium\jdk-21.0.1.12-hotspot\bin;C:\Program Files\Microsoft MPI\Bin\;C:\Program Files\Common Files\Oracle\Java\javapath;C:\Program Files (x86)\Common Files\Oracle\Java\javapath;C:\Windows\system32;C:\Windows;C:\Windows\System32\Wbem;C:\Windows\System32\WindowsPowerShell\v1.0\;C:\Windows\System32\OpenSSH\;C:\Program Files\nodejs\;C:\Program Files\Azure Data Studio\bin;C:\Program Files\dotnet\;C:\Program Files\Microsoft SQL Server\Client SDK\ODBC\170\Tools\Binn\;C:\Program Files\EPSON\UPOSDriverForFiscal\JavaPOS;C:\Program Files (x86)\Microsoft SQL Server\160\DTS\Binn\;C:\Program Files (x86)\Microsoft SQL Server\160\Tools\Binn\;C:\Program Files\Microsoft SQL Server\160\Tools\Binn\;C:\Program Files\Microsoft SQL Server\160\DTS\Binn\;C:\Program Files\Git\cmd;C:\Program Files\EPSON\UPOSDriverForFiscal\JavaPOS;C:\Program Files\Java\apache-maven-3.9.6\bin;C:\Users\Prag\AppData\Local\Programs\Python\Python311\Scripts\;C:\Users\Prag\AppData\Local\Programs\Python\Python311\;C:\Users\Prag\AppData\Local\Microsoft\WindowsApps;C:\Program Files\JetBrains\PyCharm Community Edition 2023.2.1\bin;;C:\Users\Prag\AppData\Local\Programs\Microsoft VS Code\bin;C:\Users\Prag\AppData\Roaming\npm;C:\Program Files\Azure Data Studio\bin;C:\Users\Prag\.dotnet\tools;C:\Program Files\Java\apache-maven-3.9.6\bin;;C:\Program Files\Java\jdk-20\bin
JRE paths:	C:\Program Files\Java\jdk-20;C:\Program Files\Eclipse Adoptium\jdk-21.0.1.12-hotspot\bin;C:\Program Files\Microsoft MPI\Bin\;C:\Program Files\Common Files\Oracle\Java\javapath;C:\Program Files (x86)\Common Files\Oracle\Java\javapath;C:\Windows\system32;C:\Windows;C:\Windows\System32\Wbem;C:\Windows\System32\WindowsPowerShell\v1.0\;C:\Windows\System32\OpenSSH\;C:\Program Files\nodejs\;C:\Program Files\Azure Data Studio\bin;C:\Program Files\dotnet\;C:\Program Files\Microsoft SQL Server\Client SDK\ODBC\170\Tools\Binn\;C:\Program Files\EPSON\UPOSDriverForFiscal\JavaPOS;C:\Program Files (x86)\Microsoft SQL Server\160\DTS\Binn\;C:\Program Files (x86)\Microsoft SQL Server\160\Tools\Binn\;C:\Program Files\Microsoft SQL Server\160\Tools\Binn\;C:\Program Files\Microsoft SQL Server\160\DTS\Binn\;C:\Program Files\Git\cmd;C:\Program Files\EPSON\UPOSDriverForFiscal\JavaPOS;C:\Program Files\Java\apache-maven-3.9.6\bin;C:\Users\Prag\AppData\Local\Programs\Python\Python311\Scripts\;C:\Users\Prag\AppData\Local\Programs\Python\Python311\;C:\Users\Prag\AppData\Local\Microsoft\WindowsApps;C:\Program Files\JetBrains\PyCharm Community Edition 2023.2.1\bin;;C:\Users\Prag\AppData\Local\Programs\Microsoft VS Code\bin;C:\Users\Prag\AppData\Roaming\npm;C:\Program Files\Azure Data Studio\bin;C:\Users\Prag\.dotnet\tools;C:\Program Files\Java\apache-maven-3.9.6\bin;;C:\Program Files\Java\jdk-20\bin
Check launcher:	C:\Program Files\Java\jdk-20\bin\javaw.exe (OK)
Version string: 1.020.000_001 / 64-Bit (OK)
Launcher:	C:\Program Files\Java\jdk-20\bin\javaw.exe
Launcher args:	-jar "C:\Users\Prag\Work\BluesInventory\frontend\Extention\PrinterServer.exe"
Args length:	77/32768 chars
Exit code:	0


Version:	3.50
CmdLine:	C:\Users\Prag\Work\BluesInventory\frontend\Extention\PrinterServer.exe --l4j-debug
JNI:		No
WOW64:		Yes
Working dir:	C:\Users\Prag\Work\BluesInventory\frontend\Extention\.
Requires JDK:	No
Requires 64-Bit: Yes
Java min ver:	1.008.000
Java max ver:	
Substitute:	JAVA_HOME = C:\Program Files\Java\jdk-20
Substitute:	PATH = C:\Program Files\Eclipse Adoptium\jdk-21.0.1.12-hotspot\bin;C:\Program Files\Microsoft MPI\Bin\;C:\Program Files\Common Files\Oracle\Java\javapath;C:\Program Files (x86)\Common Files\Oracle\Java\javapath;C:\Windows\system32;C:\Windows;C:\Windows\System32\Wbem;C:\Windows\System32\WindowsPowerShell\v1.0\;C:\Windows\System32\OpenSSH\;C:\Program Files\nodejs\;C:\Program Files\Azure Data Studio\bin;C:\Program Files\dotnet\;C:\Program Files\Microsoft SQL Server\Client SDK\ODBC\170\Tools\Binn\;C:\Program Files\EPSON\UPOSDriverForFiscal\JavaPOS;C:\Program Files (x86)\Microsoft SQL Server\160\DTS\Binn\;C:\Program Files (x86)\Microsoft SQL Server\160\Tools\Binn\;C:\Program Files\Microsoft SQL Server\160\Tools\Binn\;C:\Program Files\Microsoft SQL Server\160\DTS\Binn\;C:\Program Files\Git\cmd;C:\Program Files\EPSON\UPOSDriverForFiscal\JavaPOS;C:\Program Files\Java\apache-maven-3.9.6\bin;C:\Users\Prag\AppData\Local\Programs\Python\Python311\Scripts\;C:\Users\Prag\AppData\Local\Programs\Python\Python311\;C:\Users\Prag\AppData\Local\Microsoft\WindowsApps;C:\Program Files\JetBrains\PyCharm Community Edition 2023.2.1\bin;;C:\Users\Prag\AppData\Local\Programs\Microsoft VS Code\bin;C:\Users\Prag\AppData\Roaming\npm;C:\Program Files\Azure Data Studio\bin;C:\Users\Prag\.dotnet\tools;C:\Program Files\Java\apache-maven-3.9.6\bin;;C:\Program Files\Java\jdk-20\bin
JRE paths:	C:\Program Files\Java\jdk-20;C:\Program Files\Eclipse Adoptium\jdk-21.0.1.12-hotspot\bin;C:\Program Files\Microsoft MPI\Bin\;C:\Program Files\Common Files\Oracle\Java\javapath;C:\Program Files (x86)\Common Files\Oracle\Java\javapath;C:\Windows\system32;C:\Windows;C:\Windows\System32\Wbem;C:\Windows\System32\WindowsPowerShell\v1.0\;C:\Windows\System32\OpenSSH\;C:\Program Files\nodejs\;C:\Program Files\Azure Data Studio\bin;C:\Program Files\dotnet\;C:\Program Files\Microsoft SQL Server\Client SDK\ODBC\170\Tools\Binn\;C:\Program Files\EPSON\UPOSDriverForFiscal\JavaPOS;C:\Program Files (x86)\Microsoft SQL Server\160\DTS\Binn\;C:\Program Files (x86)\Microsoft SQL Server\160\Tools\Binn\;C:\Program Files\Microsoft SQL Server\160\Tools\Binn\;C:\Program Files\Microsoft SQL Server\160\DTS\Binn\;C:\Program Files\Git\cmd;C:\Program Files\EPSON\UPOSDriverForFiscal\JavaPOS;C:\Program Files\Java\apache-maven-3.9.6\bin;C:\Users\Prag\AppData\Local\Programs\Python\Python311\Scripts\;C:\Users\Prag\AppData\Local\Programs\Python\Python311\;C:\Users\Prag\AppData\Local\Microsoft\WindowsApps;C:\Program Files\JetBrains\PyCharm Community Edition 2023.2.1\bin;;C:\Users\Prag\AppData\Local\Programs\Microsoft VS Code\bin;C:\Users\Prag\AppData\Roaming\npm;C:\Program Files\Azure Data Studio\bin;C:\Users\Prag\.dotnet\tools;C:\Program Files\Java\apache-maven-3.9.6\bin;;C:\Program Files\Java\jdk-20\bin
Check launcher:	C:\Program Files\Java\jdk-20\bin\javaw.exe (OK)
Version string: 1.020.000_001 / 64-Bit (OK)
Launcher:	C:\Program Files\Java\jdk-20\bin\javaw.exe
Launcher args:	-jar "C:\Users\Prag\Work\BluesInventory\frontend\Extention\PrinterServer.exe"
Args length:	77/32768 chars
Exit code:	0


Version:	3.50
CmdLine:	C:\Users\Prag\Work\BluesInventory\frontend\Extention\PrinterServer.exe --l4j-debug
JNI:		No
WOW64:		Yes
Working dir:	C:\Users\Prag\Work\BluesInventory\frontend\Extention\.
Requires JDK:	No
Requires 64-Bit: Yes
Java min ver:	1.008.000
Java max ver:	
Substitute:	JAVA_HOME = C:\Program Files\Java\jdk-20
Substitute:	PATH = C:\Program Files\Common Files\Oracle\Java\javapath;C:\Program Files\Eclipse Adoptium\jdk-21.0.1.12-hotspot\bin;C:\Program Files\Microsoft MPI\Bin\;C:\Windows\system32;C:\Windows;C:\Windows\System32\Wbem;C:\Windows\System32\WindowsPowerShell\v1.0\;C:\Windows\System32\OpenSSH\;C:\Program Files\nodejs\;C:\Program Files\Azure Data Studio\bin;C:\Program Files\dotnet\;C:\Program Files\Microsoft SQL Server\Client SDK\ODBC\170\Tools\Binn\;C:\Program Files\EPSON\UPOSDriverForFiscal\JavaPOS;C:\Program Files (x86)\Microsoft SQL Server\160\DTS\Binn\;C:\Program Files (x86)\Microsoft SQL Server\160\Tools\Binn\;C:\Program Files\Microsoft SQL Server\160\Tools\Binn\;C:\Program Files\Microsoft SQL Server\160\DTS\Binn\;C:\Program Files\Git\cmd;C:\Program Files\EPSON\UPOSDriverForFiscal\JavaPOS;C:\Program Files\Java\apache-maven-3.9.6\bin;C:\Users\Prag\AppData\Local\Programs\Python\Python311\Scripts\;C:\Users\Prag\AppData\Local\Programs\Python\Python311\;C:\Users\Prag\AppData\Local\Microsoft\WindowsApps;C:\Program Files\JetBrains\PyCharm Community Edition 2023.2.1\bin;;C:\Users\Prag\AppData\Local\Programs\Microsoft VS Code\bin;C:\Users\Prag\AppData\Roaming\npm;C:\Program Files\Azure Data Studio\bin;C:\Users\Prag\.dotnet\tools;C:\Program Files\Java\apache-maven-3.9.6\bin;;C:\Program Files\Java\jdk-20\bin
JRE paths:	C:\Program Files\Java\jdk-20;C:\Program Files\Common Files\Oracle\Java\javapath;C:\Program Files\Eclipse Adoptium\jdk-21.0.1.12-hotspot\bin;C:\Program Files\Microsoft MPI\Bin\;C:\Windows\system32;C:\Windows;C:\Windows\System32\Wbem;C:\Windows\System32\WindowsPowerShell\v1.0\;C:\Windows\System32\OpenSSH\;C:\Program Files\nodejs\;C:\Program Files\Azure Data Studio\bin;C:\Program Files\dotnet\;C:\Program Files\Microsoft SQL Server\Client SDK\ODBC\170\Tools\Binn\;C:\Program Files\EPSON\UPOSDriverForFiscal\JavaPOS;C:\Program Files (x86)\Microsoft SQL Server\160\DTS\Binn\;C:\Program Files (x86)\Microsoft SQL Server\160\Tools\Binn\;C:\Program Files\Microsoft SQL Server\160\Tools\Binn\;C:\Program Files\Microsoft SQL Server\160\DTS\Binn\;C:\Program Files\Git\cmd;C:\Program Files\EPSON\UPOSDriverForFiscal\JavaPOS;C:\Program Files\Java\apache-maven-3.9.6\bin;C:\Users\Prag\AppData\Local\Programs\Python\Python311\Scripts\;C:\Users\Prag\AppData\Local\Programs\Python\Python311\;C:\Users\Prag\AppData\Local\Microsoft\WindowsApps;C:\Program Files\JetBrains\PyCharm Community Edition 2023.2.1\bin;;C:\Users\Prag\AppData\Local\Programs\Microsoft VS Code\bin;C:\Users\Prag\AppData\Roaming\npm;C:\Program Files\Azure Data Studio\bin;C:\Users\Prag\.dotnet\tools;C:\Program Files\Java\apache-maven-3.9.6\bin;;C:\Program Files\Java\jdk-20\bin
Check launcher:	C:\Program Files\Java\jdk-20\bin\javaw.exe (OK)
Version string: 1.020.000 / 64-Bit (OK)
Launcher:	C:\Program Files\Java\jdk-20\bin\javaw.exe
Launcher args:	-jar "C:\Users\Prag\Work\BluesInventory\frontend\Extention\PrinterServer.exe"
Args length:	77/32768 chars
Exit code:	0


Version:	3.50
CmdLine:	C:\Users\Prag\Work\BluesInventory\frontend\Extention\PrinterServer.exe --l4j-debug
JNI:		No
WOW64:		Yes
Working dir:	C:\Users\Prag\Work\BluesInventory\frontend\Extention\.
Requires JDK:	No
Requires 64-Bit: Yes
Java min ver:	1.008.000
Java max ver:	
Substitute:	JAVA_HOME = C:\Program Files\Java\jdk-20
Substitute:	PATH = C:\Program Files\Common Files\Oracle\Java\javapath;C:\Program Files\Eclipse Adoptium\jdk-21.0.1.12-hotspot\bin;C:\Program Files\Microsoft MPI\Bin\;C:\Windows\system32;C:\Windows;C:\Windows\System32\Wbem;C:\Windows\System32\WindowsPowerShell\v1.0\;C:\Windows\System32\OpenSSH\;C:\Program Files\nodejs\;C:\Program Files\Azure Data Studio\bin;C:\Program Files\dotnet\;C:\Program Files\Microsoft SQL Server\Client SDK\ODBC\170\Tools\Binn\;C:\Program Files\EPSON\UPOSDriverForFiscal\JavaPOS;C:\Program Files (x86)\Microsoft SQL Server\160\DTS\Binn\;C:\Program Files (x86)\Microsoft SQL Server\160\Tools\Binn\;C:\Program Files\Microsoft SQL Server\160\Tools\Binn\;C:\Program Files\Microsoft SQL Server\160\DTS\Binn\;C:\Program Files\Git\cmd;C:\Program Files\EPSON\UPOSDriverForFiscal\JavaPOS;C:\Program Files\Java\apache-maven-3.9.6\bin;C:\Users\Prag\AppData\Local\Programs\Python\Python311\Scripts\;C:\Users\Prag\AppData\Local\Programs\Python\Python311\;C:\Users\Prag\AppData\Local\Microsoft\WindowsApps;C:\Program Files\JetBrains\PyCharm Community Edition 2023.2.1\bin;;C:\Users\Prag\AppData\Local\Programs\Microsoft VS Code\bin;C:\Users\Prag\AppData\Roaming\npm;C:\Program Files\Azure Data Studio\bin;C:\Users\Prag\.dotnet\tools;C:\Program Files\Java\apache-maven-3.9.6\bin;;C:\Program Files\Java\jdk-20\bin
JRE paths:	C:\Program Files\Java\jdk-20;C:\Program Files\Common Files\Oracle\Java\javapath;C:\Program Files\Eclipse Adoptium\jdk-21.0.1.12-hotspot\bin;C:\Program Files\Microsoft MPI\Bin\;C:\Windows\system32;C:\Windows;C:\Windows\System32\Wbem;C:\Windows\System32\WindowsPowerShell\v1.0\;C:\Windows\System32\OpenSSH\;C:\Program Files\nodejs\;C:\Program Files\Azure Data Studio\bin;C:\Program Files\dotnet\;C:\Program Files\Microsoft SQL Server\Client SDK\ODBC\170\Tools\Binn\;C:\Program Files\EPSON\UPOSDriverForFiscal\JavaPOS;C:\Program Files (x86)\Microsoft SQL Server\160\DTS\Binn\;C:\Program Files (x86)\Microsoft SQL Server\160\Tools\Binn\;C:\Program Files\Microsoft SQL Server\160\Tools\Binn\;C:\Program Files\Microsoft SQL Server\160\DTS\Binn\;C:\Program Files\Git\cmd;C:\Program Files\EPSON\UPOSDriverForFiscal\JavaPOS;C:\Program Files\Java\apache-maven-3.9.6\bin;C:\Users\Prag\AppData\Local\Programs\Python\Python311\Scripts\;C:\Users\Prag\AppData\Local\Programs\Python\Python311\;C:\Users\Prag\AppData\Local\Microsoft\WindowsApps;C:\Program Files\JetBrains\PyCharm Community Edition 2023.2.1\bin;;C:\Users\Prag\AppData\Local\Programs\Microsoft VS Code\bin;C:\Users\Prag\AppData\Roaming\npm;C:\Program Files\Azure Data Studio\bin;C:\Users\Prag\.dotnet\tools;C:\Program Files\Java\apache-maven-3.9.6\bin;;C:\Program Files\Java\jdk-20\bin
Check launcher:	C:\Program Files\Java\jdk-20\bin\javaw.exe (OK)
Version string: 1.020.000 / 64-Bit (OK)
Launcher:	C:\Program Files\Java\jdk-20\bin\javaw.exe
Launcher args:	-jar "C:\Users\Prag\Work\BluesInventory\frontend\Extention\PrinterServer.exe"
Args length:	77/32768 chars
Exit code:	0


Version:	3.50
CmdLine:	C:\Users\Prag\Work\BluesInventory\frontend\Extention\PrinterServer.exe --l4j-debug
JNI:		No
WOW64:		Yes
Working dir:	C:\Users\Prag\Work\BluesInventory\frontend\Extention\.
Requires JDK:	No
Requires 64-Bit: Yes
Java min ver:	1.008.000
Java max ver:	
Substitute:	JAVA_HOME = C:\Program Files\Java\jdk-20
Substitute:	PATH = C:\Program Files\Common Files\Oracle\Java\javapath;C:\Program Files\Eclipse Adoptium\jdk-21.0.1.12-hotspot\bin;C:\Program Files\Microsoft MPI\Bin\;C:\Windows\system32;C:\Windows;C:\Windows\System32\Wbem;C:\Windows\System32\WindowsPowerShell\v1.0\;C:\Windows\System32\OpenSSH\;C:\Program Files\nodejs\;C:\Program Files\Azure Data Studio\bin;C:\Program Files\dotnet\;C:\Program Files\Microsoft SQL Server\Client SDK\ODBC\170\Tools\Binn\;C:\Program Files\EPSON\UPOSDriverForFiscal\JavaPOS;C:\Program Files (x86)\Microsoft SQL Server\160\DTS\Binn\;C:\Program Files (x86)\Microsoft SQL Server\160\Tools\Binn\;C:\Program Files\Microsoft SQL Server\160\Tools\Binn\;C:\Program Files\Microsoft SQL Server\160\DTS\Binn\;C:\Program Files\Git\cmd;C:\Program Files\EPSON\UPOSDriverForFiscal\JavaPOS;C:\Program Files\Java\apache-maven-3.9.6\bin;C:\Users\Prag\AppData\Local\Programs\Python\Python311\Scripts\;C:\Users\Prag\AppData\Local\Programs\Python\Python311\;C:\Users\Prag\AppData\Local\Microsoft\WindowsApps;C:\Program Files\JetBrains\PyCharm Community Edition 2023.2.1\bin;;C:\Users\Prag\AppData\Local\Programs\Microsoft VS Code\bin;C:\Users\Prag\AppData\Roaming\npm;C:\Program Files\Azure Data Studio\bin;C:\Users\Prag\.dotnet\tools;C:\Program Files\Java\apache-maven-3.9.6\bin;;C:\Program Files\Java\jdk-20\bin
JRE paths:	C:\Program Files\Java\jdk-20;C:\Program Files\Common Files\Oracle\Java\javapath;C:\Program Files\Eclipse Adoptium\jdk-21.0.1.12-hotspot\bin;C:\Program Files\Microsoft MPI\Bin\;C:\Windows\system32;C:\Windows;C:\Windows\System32\Wbem;C:\Windows\System32\WindowsPowerShell\v1.0\;C:\Windows\System32\OpenSSH\;C:\Program Files\nodejs\;C:\Program Files\Azure Data Studio\bin;C:\Program Files\dotnet\;C:\Program Files\Microsoft SQL Server\Client SDK\ODBC\170\Tools\Binn\;C:\Program Files\EPSON\UPOSDriverForFiscal\JavaPOS;C:\Program Files (x86)\Microsoft SQL Server\160\DTS\Binn\;C:\Program Files (x86)\Microsoft SQL Server\160\Tools\Binn\;C:\Program Files\Microsoft SQL Server\160\Tools\Binn\;C:\Program Files\Microsoft SQL Server\160\DTS\Binn\;C:\Program Files\Git\cmd;C:\Program Files\EPSON\UPOSDriverForFiscal\JavaPOS;C:\Program Files\Java\apache-maven-3.9.6\bin;C:\Users\Prag\AppData\Local\Programs\Python\Python311\Scripts\;C:\Users\Prag\AppData\Local\Programs\Python\Python311\;C:\Users\Prag\AppData\Local\Microsoft\WindowsApps;C:\Program Files\JetBrains\PyCharm Community Edition 2023.2.1\bin;;C:\Users\Prag\AppData\Local\Programs\Microsoft VS Code\bin;C:\Users\Prag\AppData\Roaming\npm;C:\Program Files\Azure Data Studio\bin;C:\Users\Prag\.dotnet\tools;C:\Program Files\Java\apache-maven-3.9.6\bin;;C:\Program Files\Java\jdk-20\bin
Check launcher:	C:\Program Files\Java\jdk-20\bin\javaw.exe (OK)
Version string: 1.020.000 / 64-Bit (OK)
Launcher:	C:\Program Files\Java\jdk-20\bin\javaw.exe
Launcher args:	-jar "C:\Users\Prag\Work\BluesInventory\frontend\Extention\PrinterServer.exe"
Args length:	77/32768 chars
Exit code:	0


Version:	3.50
CmdLine:	C:\Users\Prag\Work\BluesInventory\frontend\Extention\PrinterServer.exe --l4j-debug
JNI:		No
WOW64:		Yes
Working dir:	C:\Users\Prag\Work\BluesInventory\frontend\Extention\.
Requires JDK:	No
Requires 64-Bit: Yes
Java min ver:	1.008.000
Java max ver:	
Substitute:	JAVA_HOME = C:\Program Files\Java\jdk-20
Substitute:	PATH = C:\Program Files\Common Files\Oracle\Java\javapath;C:\Program Files\Eclipse Adoptium\jdk-21.0.1.12-hotspot\bin;C:\Program Files\Microsoft MPI\Bin\;C:\Windows\system32;C:\Windows;C:\Windows\System32\Wbem;C:\Windows\System32\WindowsPowerShell\v1.0\;C:\Windows\System32\OpenSSH\;C:\Program Files\nodejs\;C:\Program Files\Azure Data Studio\bin;C:\Program Files\dotnet\;C:\Program Files\Microsoft SQL Server\Client SDK\ODBC\170\Tools\Binn\;C:\Program Files\EPSON\UPOSDriverForFiscal\JavaPOS;C:\Program Files (x86)\Microsoft SQL Server\160\DTS\Binn\;C:\Program Files (x86)\Microsoft SQL Server\160\Tools\Binn\;C:\Program Files\Microsoft SQL Server\160\Tools\Binn\;C:\Program Files\Microsoft SQL Server\160\DTS\Binn\;C:\Program Files\Git\cmd;C:\Program Files\EPSON\UPOSDriverForFiscal\JavaPOS;C:\Program Files\Java\apache-maven-3.9.6\bin;C:\Users\Prag\AppData\Local\Programs\Python\Python311\Scripts\;C:\Users\Prag\AppData\Local\Programs\Python\Python311\;C:\Users\Prag\AppData\Local\Microsoft\WindowsApps;C:\Program Files\JetBrains\PyCharm Community Edition 2023.2.1\bin;;C:\Users\Prag\AppData\Local\Programs\Microsoft VS Code\bin;C:\Users\Prag\AppData\Roaming\npm;C:\Program Files\Azure Data Studio\bin;C:\Users\Prag\.dotnet\tools;C:\Program Files\Java\apache-maven-3.9.6\bin;;C:\Program Files\Java\jdk-20\bin
JRE paths:	C:\Program Files\Java\jdk-20;C:\Program Files\Common Files\Oracle\Java\javapath;C:\Program Files\Eclipse Adoptium\jdk-21.0.1.12-hotspot\bin;C:\Program Files\Microsoft MPI\Bin\;C:\Windows\system32;C:\Windows;C:\Windows\System32\Wbem;C:\Windows\System32\WindowsPowerShell\v1.0\;C:\Windows\System32\OpenSSH\;C:\Program Files\nodejs\;C:\Program Files\Azure Data Studio\bin;C:\Program Files\dotnet\;C:\Program Files\Microsoft SQL Server\Client SDK\ODBC\170\Tools\Binn\;C:\Program Files\EPSON\UPOSDriverForFiscal\JavaPOS;C:\Program Files (x86)\Microsoft SQL Server\160\DTS\Binn\;C:\Program Files (x86)\Microsoft SQL Server\160\Tools\Binn\;C:\Program Files\Microsoft SQL Server\160\Tools\Binn\;C:\Program Files\Microsoft SQL Server\160\DTS\Binn\;C:\Program Files\Git\cmd;C:\Program Files\EPSON\UPOSDriverForFiscal\JavaPOS;C:\Program Files\Java\apache-maven-3.9.6\bin;C:\Users\Prag\AppData\Local\Programs\Python\Python311\Scripts\;C:\Users\Prag\AppData\Local\Programs\Python\Python311\;C:\Users\Prag\AppData\Local\Microsoft\WindowsApps;C:\Program Files\JetBrains\PyCharm Community Edition 2023.2.1\bin;;C:\Users\Prag\AppData\Local\Programs\Microsoft VS Code\bin;C:\Users\Prag\AppData\Roaming\npm;C:\Program Files\Azure Data Studio\bin;C:\Users\Prag\.dotnet\tools;C:\Program Files\Java\apache-maven-3.9.6\bin;;C:\Program Files\Java\jdk-20\bin
Check launcher:	C:\Program Files\Java\jdk-20\bin\javaw.exe (OK)
Version string: 1.020.000 / 64-Bit (OK)
Launcher:	C:\Program Files\Java\jdk-20\bin\javaw.exe
Launcher args:	-jar "C:\Users\Prag\Work\BluesInventory\frontend\Extention\PrinterServer.exe"
Args length:	77/32768 chars
Exit code:	0
