

Version:	3.50
CmdLine:	C:\Users\Trevor Kambeja\work\pos-client-main\Extention\Dist\PrinterServer.exe --l4j-debug
JNI:		No
WOW64:		Yes
Requires JDK:	No
Requires 64-Bit: Yes
Java min ver:	1.008.000
Java max ver:	
Substitute:	JAVA_HOME = C:\Program Files\Java\jdk-20
Substitute:	PATH = C:\Program Files\Common Files\Oracle\Java\javapath;C:\Program Files (x86)\Common Files\Oracle\Java\javapath;C:\WINDOWS\system32;C:\WINDOWS;C:\WINDOWS\System32\Wbem;C:\WINDOWS\System32\WindowsPowerShell\v1.0\;C:\WINDOWS\System32\OpenSSH\;C:\Program Files\Microsoft SQL Server\110\DTS\Binn\;C:\Program Files (x86)\Microsoft SQL Server\110\Tools\Binn\;C:\Program Files\Microsoft SQL Server\110\Tools\Binn\;C:\Program Files (x86)\Microsoft SQL Server\110\Tools\Binn\ManagementStudio\;C:\Program Files (x86)\Microsoft Visual Studio 10.0\Common7\IDE\PrivateAssemblies\;C:\Program Files (x86)\Microsoft SQL Server\110\DTS\Binn\;C:\FlutterDev\flutter\bin;C:\Program Files\Java\jdk-20\bin;C:\FlutterDev\cmdline-tools\cmdline-tools\5.0\bin;C:\Program Files\Microsoft SQL Server\150\Tools\Binn\;C:\Program Files\Microsoft SQL Server\Client SDK\ODBC\170\Tools\Binn\;C:\Program Files\dotnet\;C:\FlutterDev\cmdline-tools\platform-tools;C:\Program Files\nodejs\;C:\Program Files\Git\cmd;C:\Program Files\Docker\Docker\resources\bin;C:\Program Files\apache-maven-3.9.4\bin;C:\Users\Trevor Kambeja\AppData\Local\Programs\Python\Python310\Scripts\;C:\Users\Trevor Kambeja\AppData\Local\Programs\Python\Python310\;C:\src\flutter\bin\bin;C:\Users\Trevor Kambeja\AppData\Local\Programs\Microsoft VS Code\bin;C:\Users\Trevor Kambeja\.dotnet\tools;C:\Users\Trevor Kambeja\AppData\Roaming\npm;C:\Users\Trevor Kambeja\AppData\Local\GitHubDesktop\bin;C:\Program Files\Java\jdk-20\bin
JRE paths:	C:\Program Files\Java\jdk-20;C:\Program Files\Common Files\Oracle\Java\javapath;C:\Program Files (x86)\Common Files\Oracle\Java\javapath;C:\WINDOWS\system32;C:\WINDOWS;C:\WINDOWS\System32\Wbem;C:\WINDOWS\System32\WindowsPowerShell\v1.0\;C:\WINDOWS\System32\OpenSSH\;C:\Program Files\Microsoft SQL Server\110\DTS\Binn\;C:\Program Files (x86)\Microsoft SQL Server\110\Tools\Binn\;C:\Program Files\Microsoft SQL Server\110\Tools\Binn\;C:\Program Files (x86)\Microsoft SQL Server\110\Tools\Binn\ManagementStudio\;C:\Program Files (x86)\Microsoft Visual Studio 10.0\Common7\IDE\PrivateAssemblies\;C:\Program Files (x86)\Microsoft SQL Server\110\DTS\Binn\;C:\FlutterDev\flutter\bin;C:\Program Files\Java\jdk-20\bin;C:\FlutterDev\cmdline-tools\cmdline-tools\5.0\bin;C:\Program Files\Microsoft SQL Server\150\Tools\Binn\;C:\Program Files\Microsoft SQL Server\Client SDK\ODBC\170\Tools\Binn\;C:\Program Files\dotnet\;C:\FlutterDev\cmdline-tools\platform-tools;C:\Program Files\nodejs\;C:\Program Files\Git\cmd;C:\Program Files\Docker\Docker\resources\bin;C:\Program Files\apache-maven-3.9.4\bin;C:\Users\Trevor Kambeja\AppData\Local\Programs\Python\Python310\Scripts\;C:\Users\Trevor Kambeja\AppData\Local\Programs\Python\Python310\;C:\src\flutter\bin\bin;C:\Users\Trevor Kambeja\AppData\Local\Programs\Microsoft VS Code\bin;C:\Users\Trevor Kambeja\.dotnet\tools;C:\Users\Trevor Kambeja\AppData\Roaming\npm;C:\Users\Trevor Kambeja\AppData\Local\GitHubDesktop\bin;C:\Program Files\Java\jdk-20\bin
Check launcher:	C:\Program Files\Java\jdk-20\bin\javaw.exe (OK)
Version string: 1.020.000_001 / 64-Bit (OK)
Launcher:	C:\Program Files\Java\jdk-20\bin\javaw.exe
Launcher args:	-jar "C:\Users\Trevor Kambeja\work\pos-client-main\Extention\Dist\PrinterServer.exe"
Args length:	84/32768 chars
Exit code:	0


Version:	3.50
CmdLine:	C:\Users\Trevor Kambeja\work\pos-client-main\Extention\Dist\PrinterServer.exe --l4j-debug
JNI:		No
WOW64:		Yes
Requires JDK:	No
Requires 64-Bit: Yes
Java min ver:	1.008.000
Java max ver:	
Substitute:	JAVA_HOME = C:\Program Files\Java\jdk-20
Substitute:	PATH = C:\Program Files\Common Files\Oracle\Java\javapath;C:\Program Files (x86)\Common Files\Oracle\Java\javapath;C:\WINDOWS\system32;C:\WINDOWS;C:\WINDOWS\System32\Wbem;C:\WINDOWS\System32\WindowsPowerShell\v1.0\;C:\WINDOWS\System32\OpenSSH\;C:\Program Files\Microsoft SQL Server\110\DTS\Binn\;C:\Program Files (x86)\Microsoft SQL Server\110\Tools\Binn\;C:\Program Files\Microsoft SQL Server\110\Tools\Binn\;C:\Program Files (x86)\Microsoft SQL Server\110\Tools\Binn\ManagementStudio\;C:\Program Files (x86)\Microsoft Visual Studio 10.0\Common7\IDE\PrivateAssemblies\;C:\Program Files (x86)\Microsoft SQL Server\110\DTS\Binn\;C:\FlutterDev\flutter\bin;C:\Program Files\Java\jdk-20\bin;C:\FlutterDev\cmdline-tools\cmdline-tools\5.0\bin;C:\Program Files\Microsoft SQL Server\150\Tools\Binn\;C:\Program Files\Microsoft SQL Server\Client SDK\ODBC\170\Tools\Binn\;C:\Program Files\dotnet\;C:\FlutterDev\cmdline-tools\platform-tools;C:\Program Files\nodejs\;C:\Program Files\Git\cmd;C:\Program Files\Docker\Docker\resources\bin;C:\Program Files\apache-maven-3.9.4\bin;C:\Users\Trevor Kambeja\AppData\Local\Programs\Python\Python310\Scripts\;C:\Users\Trevor Kambeja\AppData\Local\Programs\Python\Python310\;C:\src\flutter\bin\bin;C:\Users\Trevor Kambeja\AppData\Local\Programs\Microsoft VS Code\bin;C:\Users\Trevor Kambeja\.dotnet\tools;C:\Users\Trevor Kambeja\AppData\Roaming\npm;C:\Users\Trevor Kambeja\AppData\Local\GitHubDesktop\bin;C:\Program Files\Java\jdk-20\bin
JRE paths:	C:\Program Files\Java\jdk-20;C:\Program Files\Common Files\Oracle\Java\javapath;C:\Program Files (x86)\Common Files\Oracle\Java\javapath;C:\WINDOWS\system32;C:\WINDOWS;C:\WINDOWS\System32\Wbem;C:\WINDOWS\System32\WindowsPowerShell\v1.0\;C:\WINDOWS\System32\OpenSSH\;C:\Program Files\Microsoft SQL Server\110\DTS\Binn\;C:\Program Files (x86)\Microsoft SQL Server\110\Tools\Binn\;C:\Program Files\Microsoft SQL Server\110\Tools\Binn\;C:\Program Files (x86)\Microsoft SQL Server\110\Tools\Binn\ManagementStudio\;C:\Program Files (x86)\Microsoft Visual Studio 10.0\Common7\IDE\PrivateAssemblies\;C:\Program Files (x86)\Microsoft SQL Server\110\DTS\Binn\;C:\FlutterDev\flutter\bin;C:\Program Files\Java\jdk-20\bin;C:\FlutterDev\cmdline-tools\cmdline-tools\5.0\bin;C:\Program Files\Microsoft SQL Server\150\Tools\Binn\;C:\Program Files\Microsoft SQL Server\Client SDK\ODBC\170\Tools\Binn\;C:\Program Files\dotnet\;C:\FlutterDev\cmdline-tools\platform-tools;C:\Program Files\nodejs\;C:\Program Files\Git\cmd;C:\Program Files\Docker\Docker\resources\bin;C:\Program Files\apache-maven-3.9.4\bin;C:\Users\Trevor Kambeja\AppData\Local\Programs\Python\Python310\Scripts\;C:\Users\Trevor Kambeja\AppData\Local\Programs\Python\Python310\;C:\src\flutter\bin\bin;C:\Users\Trevor Kambeja\AppData\Local\Programs\Microsoft VS Code\bin;C:\Users\Trevor Kambeja\.dotnet\tools;C:\Users\Trevor Kambeja\AppData\Roaming\npm;C:\Users\Trevor Kambeja\AppData\Local\GitHubDesktop\bin;C:\Program Files\Java\jdk-20\bin
Check launcher:	C:\Program Files\Java\jdk-20\bin\javaw.exe (OK)
Version string: 1.020.000_001 / 64-Bit (OK)
Launcher:	C:\Program Files\Java\jdk-20\bin\javaw.exe
Launcher args:	-jar "C:\Users\Trevor Kambeja\work\pos-client-main\Extention\Dist\PrinterServer.exe"
Args length:	84/32768 chars
Exit code:	0


Version:	3.50
CmdLine:	C:\Users\Trevor Kambeja\work\pos-client-main\Extention\Dist\PrinterServer.exe --l4j-debug
JNI:		No
WOW64:		Yes
Requires JDK:	No
Requires 64-Bit: Yes
Java min ver:	1.008.000
Java max ver:	
Substitute:	JAVA_HOME = C:\Program Files\Java\jdk-20
Substitute:	PATH = C:\Program Files\Common Files\Oracle\Java\javapath;C:\Program Files (x86)\Common Files\Oracle\Java\javapath;C:\WINDOWS\system32;C:\WINDOWS;C:\WINDOWS\System32\Wbem;C:\WINDOWS\System32\WindowsPowerShell\v1.0\;C:\WINDOWS\System32\OpenSSH\;C:\Program Files\Microsoft SQL Server\110\DTS\Binn\;C:\Program Files (x86)\Microsoft SQL Server\110\Tools\Binn\;C:\Program Files\Microsoft SQL Server\110\Tools\Binn\;C:\Program Files (x86)\Microsoft SQL Server\110\Tools\Binn\ManagementStudio\;C:\Program Files (x86)\Microsoft Visual Studio 10.0\Common7\IDE\PrivateAssemblies\;C:\Program Files (x86)\Microsoft SQL Server\110\DTS\Binn\;C:\FlutterDev\flutter\bin;C:\Program Files\Java\jdk-20\bin;C:\FlutterDev\cmdline-tools\cmdline-tools\5.0\bin;C:\Program Files\Microsoft SQL Server\150\Tools\Binn\;C:\Program Files\Microsoft SQL Server\Client SDK\ODBC\170\Tools\Binn\;C:\Program Files\dotnet\;C:\FlutterDev\cmdline-tools\platform-tools;C:\Program Files\nodejs\;C:\Program Files\Git\cmd;C:\Program Files\Docker\Docker\resources\bin;C:\Program Files\apache-maven-3.9.4\bin;C:\Users\Trevor Kambeja\AppData\Local\Programs\Python\Python310\Scripts\;C:\Users\Trevor Kambeja\AppData\Local\Programs\Python\Python310\;C:\src\flutter\bin\bin;C:\Users\Trevor Kambeja\AppData\Local\Programs\Microsoft VS Code\bin;C:\Users\Trevor Kambeja\.dotnet\tools;C:\Users\Trevor Kambeja\AppData\Roaming\npm;C:\Users\Trevor Kambeja\AppData\Local\GitHubDesktop\bin;C:\Program Files\Java\jdk-20\bin
JRE paths:	C:\Program Files\Java\jdk-20;C:\Program Files\Common Files\Oracle\Java\javapath;C:\Program Files (x86)\Common Files\Oracle\Java\javapath;C:\WINDOWS\system32;C:\WINDOWS;C:\WINDOWS\System32\Wbem;C:\WINDOWS\System32\WindowsPowerShell\v1.0\;C:\WINDOWS\System32\OpenSSH\;C:\Program Files\Microsoft SQL Server\110\DTS\Binn\;C:\Program Files (x86)\Microsoft SQL Server\110\Tools\Binn\;C:\Program Files\Microsoft SQL Server\110\Tools\Binn\;C:\Program Files (x86)\Microsoft SQL Server\110\Tools\Binn\ManagementStudio\;C:\Program Files (x86)\Microsoft Visual Studio 10.0\Common7\IDE\PrivateAssemblies\;C:\Program Files (x86)\Microsoft SQL Server\110\DTS\Binn\;C:\FlutterDev\flutter\bin;C:\Program Files\Java\jdk-20\bin;C:\FlutterDev\cmdline-tools\cmdline-tools\5.0\bin;C:\Program Files\Microsoft SQL Server\150\Tools\Binn\;C:\Program Files\Microsoft SQL Server\Client SDK\ODBC\170\Tools\Binn\;C:\Program Files\dotnet\;C:\FlutterDev\cmdline-tools\platform-tools;C:\Program Files\nodejs\;C:\Program Files\Git\cmd;C:\Program Files\Docker\Docker\resources\bin;C:\Program Files\apache-maven-3.9.4\bin;C:\Users\Trevor Kambeja\AppData\Local\Programs\Python\Python310\Scripts\;C:\Users\Trevor Kambeja\AppData\Local\Programs\Python\Python310\;C:\src\flutter\bin\bin;C:\Users\Trevor Kambeja\AppData\Local\Programs\Microsoft VS Code\bin;C:\Users\Trevor Kambeja\.dotnet\tools;C:\Users\Trevor Kambeja\AppData\Roaming\npm;C:\Users\Trevor Kambeja\AppData\Local\GitHubDesktop\bin;C:\Program Files\Java\jdk-20\bin
Check launcher:	C:\Program Files\Java\jdk-20\bin\javaw.exe (OK)
Version string: 1.020.000_001 / 64-Bit (OK)
Launcher:	C:\Program Files\Java\jdk-20\bin\javaw.exe
Launcher args:	-jar "C:\Users\Trevor Kambeja\work\pos-client-main\Extention\Dist\PrinterServer.exe"
Args length:	84/32768 chars
Exit code:	0


Version:	3.50
CmdLine:	C:\Users\Trevor Kambeja\work\pos-client-main\Extention\Dist\PrinterServer.exe --l4j-debug
JNI:		No
WOW64:		Yes
Requires JDK:	No
Requires 64-Bit: Yes
Java min ver:	1.008.000
Java max ver:	
Substitute:	JAVA_HOME = C:\Program Files\Java\jdk-20
Substitute:	PATH = C:\Program Files\Common Files\Oracle\Java\javapath;C:\Program Files (x86)\Common Files\Oracle\Java\javapath;C:\WINDOWS\system32;C:\WINDOWS;C:\WINDOWS\System32\Wbem;C:\WINDOWS\System32\WindowsPowerShell\v1.0\;C:\WINDOWS\System32\OpenSSH\;C:\Program Files\Microsoft SQL Server\110\DTS\Binn\;C:\Program Files (x86)\Microsoft SQL Server\110\Tools\Binn\;C:\Program Files\Microsoft SQL Server\110\Tools\Binn\;C:\Program Files (x86)\Microsoft SQL Server\110\Tools\Binn\ManagementStudio\;C:\Program Files (x86)\Microsoft Visual Studio 10.0\Common7\IDE\PrivateAssemblies\;C:\Program Files (x86)\Microsoft SQL Server\110\DTS\Binn\;C:\FlutterDev\flutter\bin;C:\Program Files\Java\jdk-20\bin;C:\FlutterDev\cmdline-tools\cmdline-tools\5.0\bin;C:\Program Files\Microsoft SQL Server\150\Tools\Binn\;C:\Program Files\Microsoft SQL Server\Client SDK\ODBC\170\Tools\Binn\;C:\Program Files\dotnet\;C:\FlutterDev\cmdline-tools\platform-tools;C:\Program Files\nodejs\;C:\Program Files\Git\cmd;C:\Program Files\Docker\Docker\resources\bin;C:\Program Files\apache-maven-3.9.4\bin;C:\Users\Trevor Kambeja\AppData\Local\Programs\Python\Python310\Scripts\;C:\Users\Trevor Kambeja\AppData\Local\Programs\Python\Python310\;C:\src\flutter\bin\bin;C:\Users\Trevor Kambeja\AppData\Local\Programs\Microsoft VS Code\bin;C:\Users\Trevor Kambeja\.dotnet\tools;C:\Users\Trevor Kambeja\AppData\Roaming\npm;C:\Users\Trevor Kambeja\AppData\Local\GitHubDesktop\bin;C:\Program Files\Java\jdk-20\bin
JRE paths:	C:\Program Files\Java\jdk-20;C:\Program Files\Common Files\Oracle\Java\javapath;C:\Program Files (x86)\Common Files\Oracle\Java\javapath;C:\WINDOWS\system32;C:\WINDOWS;C:\WINDOWS\System32\Wbem;C:\WINDOWS\System32\WindowsPowerShell\v1.0\;C:\WINDOWS\System32\OpenSSH\;C:\Program Files\Microsoft SQL Server\110\DTS\Binn\;C:\Program Files (x86)\Microsoft SQL Server\110\Tools\Binn\;C:\Program Files\Microsoft SQL Server\110\Tools\Binn\;C:\Program Files (x86)\Microsoft SQL Server\110\Tools\Binn\ManagementStudio\;C:\Program Files (x86)\Microsoft Visual Studio 10.0\Common7\IDE\PrivateAssemblies\;C:\Program Files (x86)\Microsoft SQL Server\110\DTS\Binn\;C:\FlutterDev\flutter\bin;C:\Program Files\Java\jdk-20\bin;C:\FlutterDev\cmdline-tools\cmdline-tools\5.0\bin;C:\Program Files\Microsoft SQL Server\150\Tools\Binn\;C:\Program Files\Microsoft SQL Server\Client SDK\ODBC\170\Tools\Binn\;C:\Program Files\dotnet\;C:\FlutterDev\cmdline-tools\platform-tools;C:\Program Files\nodejs\;C:\Program Files\Git\cmd;C:\Program Files\Docker\Docker\resources\bin;C:\Program Files\apache-maven-3.9.4\bin;C:\Users\Trevor Kambeja\AppData\Local\Programs\Python\Python310\Scripts\;C:\Users\Trevor Kambeja\AppData\Local\Programs\Python\Python310\;C:\src\flutter\bin\bin;C:\Users\Trevor Kambeja\AppData\Local\Programs\Microsoft VS Code\bin;C:\Users\Trevor Kambeja\.dotnet\tools;C:\Users\Trevor Kambeja\AppData\Roaming\npm;C:\Users\Trevor Kambeja\AppData\Local\GitHubDesktop\bin;C:\Program Files\Java\jdk-20\bin
Check launcher:	C:\Program Files\Java\jdk-20\bin\javaw.exe (OK)
Version string: 1.020.000_001 / 64-Bit (OK)
Launcher:	C:\Program Files\Java\jdk-20\bin\javaw.exe
Launcher args:	-jar "C:\Users\Trevor Kambeja\work\pos-client-main\Extention\Dist\PrinterServer.exe"
Args length:	84/32768 chars
Exit code:	0


Version:	3.50
CmdLine:	C:\Users\Trevor Kambeja\work\pos-client-main\Extention\Dist\PrinterServer.exe --l4j-debug
JNI:		No
WOW64:		Yes
Requires JDK:	No
Requires 64-Bit: Yes
Java min ver:	1.008.000
Java max ver:	
Substitute:	JAVA_HOME = C:\Program Files\Java\jdk-20
Substitute:	PATH = C:\Program Files\Common Files\Oracle\Java\javapath;C:\Program Files (x86)\Common Files\Oracle\Java\javapath;C:\WINDOWS\system32;C:\WINDOWS;C:\WINDOWS\System32\Wbem;C:\WINDOWS\System32\WindowsPowerShell\v1.0\;C:\WINDOWS\System32\OpenSSH\;C:\Program Files\Microsoft SQL Server\110\DTS\Binn\;C:\Program Files (x86)\Microsoft SQL Server\110\Tools\Binn\;C:\Program Files\Microsoft SQL Server\110\Tools\Binn\;C:\Program Files (x86)\Microsoft SQL Server\110\Tools\Binn\ManagementStudio\;C:\Program Files (x86)\Microsoft Visual Studio 10.0\Common7\IDE\PrivateAssemblies\;C:\Program Files (x86)\Microsoft SQL Server\110\DTS\Binn\;C:\FlutterDev\flutter\bin;C:\Program Files\Java\jdk-20\bin;C:\FlutterDev\cmdline-tools\cmdline-tools\5.0\bin;C:\Program Files\Microsoft SQL Server\150\Tools\Binn\;C:\Program Files\Microsoft SQL Server\Client SDK\ODBC\170\Tools\Binn\;C:\Program Files\dotnet\;C:\FlutterDev\cmdline-tools\platform-tools;C:\Program Files\nodejs\;C:\Program Files\Git\cmd;C:\Program Files\Docker\Docker\resources\bin;C:\Program Files\apache-maven-3.9.4\bin;C:\Users\Trevor Kambeja\AppData\Local\Programs\Python\Python310\Scripts\;C:\Users\Trevor Kambeja\AppData\Local\Programs\Python\Python310\;C:\src\flutter\bin\bin;C:\Users\Trevor Kambeja\AppData\Local\Programs\Microsoft VS Code\bin;C:\Users\Trevor Kambeja\.dotnet\tools;C:\Users\Trevor Kambeja\AppData\Roaming\npm;C:\Users\Trevor Kambeja\AppData\Local\GitHubDesktop\bin;C:\Program Files\Java\jdk-20\bin
JRE paths:	C:\Program Files\Java\jdk-20;C:\Program Files\Common Files\Oracle\Java\javapath;C:\Program Files (x86)\Common Files\Oracle\Java\javapath;C:\WINDOWS\system32;C:\WINDOWS;C:\WINDOWS\System32\Wbem;C:\WINDOWS\System32\WindowsPowerShell\v1.0\;C:\WINDOWS\System32\OpenSSH\;C:\Program Files\Microsoft SQL Server\110\DTS\Binn\;C:\Program Files (x86)\Microsoft SQL Server\110\Tools\Binn\;C:\Program Files\Microsoft SQL Server\110\Tools\Binn\;C:\Program Files (x86)\Microsoft SQL Server\110\Tools\Binn\ManagementStudio\;C:\Program Files (x86)\Microsoft Visual Studio 10.0\Common7\IDE\PrivateAssemblies\;C:\Program Files (x86)\Microsoft SQL Server\110\DTS\Binn\;C:\FlutterDev\flutter\bin;C:\Program Files\Java\jdk-20\bin;C:\FlutterDev\cmdline-tools\cmdline-tools\5.0\bin;C:\Program Files\Microsoft SQL Server\150\Tools\Binn\;C:\Program Files\Microsoft SQL Server\Client SDK\ODBC\170\Tools\Binn\;C:\Program Files\dotnet\;C:\FlutterDev\cmdline-tools\platform-tools;C:\Program Files\nodejs\;C:\Program Files\Git\cmd;C:\Program Files\Docker\Docker\resources\bin;C:\Program Files\apache-maven-3.9.4\bin;C:\Users\Trevor Kambeja\AppData\Local\Programs\Python\Python310\Scripts\;C:\Users\Trevor Kambeja\AppData\Local\Programs\Python\Python310\;C:\src\flutter\bin\bin;C:\Users\Trevor Kambeja\AppData\Local\Programs\Microsoft VS Code\bin;C:\Users\Trevor Kambeja\.dotnet\tools;C:\Users\Trevor Kambeja\AppData\Roaming\npm;C:\Users\Trevor Kambeja\AppData\Local\GitHubDesktop\bin;C:\Program Files\Java\jdk-20\bin
Check launcher:	C:\Program Files\Java\jdk-20\bin\javaw.exe (OK)
Version string: 1.020.000_001 / 64-Bit (OK)
Launcher:	C:\Program Files\Java\jdk-20\bin\javaw.exe
Launcher args:	-jar "C:\Users\Trevor Kambeja\work\pos-client-main\Extention\Dist\PrinterServer.exe"
Args length:	84/32768 chars
Exit code:	0
